#
# A fatal error has been detected by the Java Runtime Environment:
#
#  EXCEPTION_ACCESS_VIOLATION (0xc0000005) at pc=0x000000006ed21998, pid=7304, tid=5784
#
# JRE version: Java(TM) SE Runtime Environment (7.0_45-b18) (build 1.7.0_45-b18)
# Java VM: Java HotSpot(TM) 64-Bit Server VM (24.45-b08 mixed mode windows-amd64 compressed oops)
# Problematic frame:
# V  [jvm.dll+0x481998]
#
# Failed to write core dump. Minidumps are not enabled by default on client versions of Windows
#
# If you would like to submit a bug report, please visit:
#   http://bugreport.sun.com/bugreport/crash.jsp
#

---------------  T H R E A D  ---------------

Current thread (0x000000000aa77000):  JavaThread "C2 CompilerThread1" daemon [_thread_in_native, id=5784, stack(0x000000000c330000,0x000000000c430000)]

siginfo: ExceptionCode=0xc0000005, reading address 0x0000000004854140

Registers:
RAX=0x000000000d8a95e0, RBX=0x000000000eae9aa0, RCX=0x0000000000001efa, RDX=0x0000000000000000
RSP=0x000000000c42c450, RBP=0x00000000ffffffff, RSI=0x0000000004854130, RDI=0x000000000d319bb8
R8 =0x000000000d319860, R9 =0x000000000c42c8f0, R10=0x000000000e94b9c0, R11=0x000000006eebee08
R12=0x000000000d77abe0, R13=0x000000000eae9aa0, R14=0x000000000eae96d0, R15=0x000000000eae9700
RIP=0x000000006ed21998, EFLAGS=0x0000000000010a83

Top of Stack: (sp=0x000000000c42c450)
0x000000000c42c450:   000000000eae9700 000000000c852e30
0x000000000c42c460:   000000000aa6b980 000000006e8bdcd8
0x000000000c42c470:   0000000000000381 000000000aa1b048
0x000000000c42c480:   000000000aa6b950 000000006e9192b7
0x000000000c42c490:   0000000000000000 000000006e96719b
0x000000000c42c4a0:   000000000aa6b980 0000000000000003
0x000000000c42c4b0:   000000000c42ebf0 000000000d319860
0x000000000c42c4c0:   0000000000000000 000000006ed221b9
0x000000000c42c4d0:   000000000c42ebf0 0000000000000003
0x000000000c42c4e0:   000000000d319860 000000000d319bb8
0x000000000c42c4f0:   000000000eae9aa0 000000000eae96d0
0x000000000c42c500:   0000000000000000 00000000000092c2
0x000000000c42c510:   00000000000053eb 000000000c42f398
0x000000000c42c520:   000053fc00000000 000000010c42eb00
0x000000000c42c530:   000000000d77abe0 0000000000000001
0x000000000c42c540:   000000000eae9aa0 000000000eae9700 

Instructions: (pc=0x000000006ed21998)
0x000000006ed21978:   18 4c 89 1c c8 48 83 c4 60 5f 5d 5b c3 4c 8b 8d
0x000000006ed21988:   28 07 00 00 8b 4f 28 49 8b 41 18 0f bf 6c 88 02
0x000000006ed21998:   8b 46 10 83 fd ff 0f 84 6b 01 00 00 83 f8 1c 0f
0x000000006ed219a8:   84 d2 00 00 00 83 f8 1b 0f 84 c9 00 00 00 83 f8 


Register to memory mapping:

RAX=0x000000000d8a95e0 is an unknown value
RBX=0x000000000eae9aa0 is an unknown value
RCX=0x0000000000001efa is an unknown value
RDX=0x0000000000000000 is an unknown value
RSP=0x000000000c42c450 is pointing into the stack for thread: 0x000000000aa77000
RBP=0x00000000ffffffff is an unknown value
RSI=0x0000000004854130 is an unknown value
RDI=0x000000000d319bb8 is an unknown value
R8 =0x000000000d319860 is an unknown value
R9 =0x000000000c42c8f0 is pointing into the stack for thread: 0x000000000aa77000
R10=0x000000000e94b9c0 is an unknown value
R11=0x000000006eebee08 is an unknown value
R12=0x000000000d77abe0 is an unknown value
R13=0x000000000eae9aa0 is an unknown value
R14=0x000000000eae96d0 is an unknown value
R15=0x000000000eae9700 is an unknown value


Stack: [0x000000000c330000,0x000000000c430000],  sp=0x000000000c42c450,  free space=1009k
Native frames: (J=compiled Java code, j=interpreted, Vv=VM code, C=native code)
V  [jvm.dll+0x481998]


Current CompileTask:
C2:  42424 1116             org.springframework.asm.ClassReader::readCode (3263 bytes)


---------------  P R O C E S S  ---------------

Java Threads: ( => current thread )
  0x0000000012b0c800 JavaThread "HashSessionScavenger-0" daemon [_thread_blocked, id=4352, stack(0x0000000014510000,0x0000000014610000)]
  0x000000000e865000 JavaThread "qtp1466782037-18" [_thread_blocked, id=7532, stack(0x00000000106f0000,0x00000000107f0000)]
  0x000000000f066000 JavaThread "qtp1466782037-17" [_thread_blocked, id=5176, stack(0x0000000011150000,0x0000000011250000)]
  0x000000000cc36000 JavaThread "qtp1466782037-16" [_thread_blocked, id=7348, stack(0x0000000010f30000,0x0000000011030000)]
  0x000000000e8d2000 JavaThread "qtp1466782037-15" [_thread_blocked, id=6992, stack(0x0000000010de0000,0x0000000010ee0000)]
  0x000000000e308000 JavaThread "qtp1466782037-14" [_thread_blocked, id=4996, stack(0x0000000010c70000,0x0000000010d70000)]
  0x000000000e410800 JavaThread "qtp1466782037-13" [_thread_blocked, id=3076, stack(0x0000000010ad0000,0x0000000010bd0000)]
  0x000000000e9e4800 JavaThread "qtp1466782037-12" [_thread_blocked, id=6644, stack(0x0000000010950000,0x0000000010a50000)]
  0x000000000f5e4000 JavaThread "qtp1466782037-11" [_thread_blocked, id=6520, stack(0x0000000010830000,0x0000000010930000)]
  0x000000000aa78800 JavaThread "Service Thread" daemon [_thread_blocked, id=7524, stack(0x000000000c5a0000,0x000000000c6a0000)]
=>0x000000000aa77000 JavaThread "C2 CompilerThread1" daemon [_thread_in_native, id=5784, stack(0x000000000c330000,0x000000000c430000)]
  0x000000000aa72000 JavaThread "C2 CompilerThread0" daemon [_thread_in_native, id=7616, stack(0x000000000c170000,0x000000000c270000)]
  0x000000000aa70800 JavaThread "Attach Listener" daemon [_thread_blocked, id=7860, stack(0x000000000bf50000,0x000000000c050000)]
  0x000000000aa69800 JavaThread "Signal Dispatcher" daemon [_thread_blocked, id=8140, stack(0x000000000bde0000,0x000000000bee0000)]
  0x000000000aa18800 JavaThread "Finalizer" daemon [_thread_blocked, id=700, stack(0x000000000b9e0000,0x000000000bae0000)]
  0x000000000aa0f800 JavaThread "Reference Handler" daemon [_thread_blocked, id=7040, stack(0x000000000bc50000,0x000000000bd50000)]
  0x000000000234e800 JavaThread "main" [_thread_in_Java, id=1780, stack(0x0000000002590000,0x0000000002690000)]

Other Threads:
  0x000000000aa0c800 VMThread [stack: 0x000000000bb10000,0x000000000bc10000] [id=1480]
  0x000000000aa8a800 WatcherThread [stack: 0x000000000c750000,0x000000000c850000] [id=3516]

VM state:not at safepoint (normal execution)

VM Mutex/Monitor currently owned by a thread: None

Heap
 PSYoungGen      total 593408K, used 466618K [0x00000007d5f00000, 0x00000007fff00000, 0x0000000800000000)
  eden space 499712K, 76% used [0x00000007d5f00000,0x00000007ed3e61c8,0x00000007f4700000)
  from space 93696K, 90% used [0x00000007fa380000,0x00000007ff6489b0,0x00000007fff00000)
  to   space 94208K, 0% used [0x00000007f4700000,0x00000007f4700000,0x00000007fa300000)
 ParOldGen       total 173056K, used 149640K [0x0000000781e00000, 0x000000078c700000, 0x00000007d5f00000)
  object space 173056K, 86% used [0x0000000781e00000,0x000000078b0223f8,0x000000078c700000)
 PSPermGen       total 39936K, used 27088K [0x000000077cc00000, 0x000000077f300000, 0x0000000781e00000)
  object space 39936K, 67% used [0x000000077cc00000,0x000000077e674228,0x000000077f300000)

Card table byte_map: [0x0000000005690000,0x0000000005ab0000] byte_map_base: 0x0000000001aaa000

Polling page: 0x0000000000140000

Code Cache  [0x0000000002690000, 0x0000000002a80000, 0x0000000005690000)
 total_blobs=1406 nmethods=1076 adapters=280 free_code_cache=45227Kb largest_free_block=46239232

Compilation events (10 events):
Event: 42.257 Thread 0x000000000aa72000 1120             java.lang.ref.Reference::<init> (7 bytes)
Event: 42.257 Thread 0x000000000aa72000 nmethod 1120 0x0000000002a43390 code [0x0000000002a434c0, 0x0000000002a43558]
Event: 42.274 Thread 0x000000000aa72000 1121             java.util.HashMap::<init> (8 bytes)
Event: 42.275 Thread 0x000000000aa72000 nmethod 1121 0x0000000002a2df90 code [0x0000000002a2e0e0, 0x0000000002a2e1b8]
Event: 42.279 Thread 0x000000000aa72000 1122             org.springframework.util.Assert::notNull (14 bytes)
Event: 42.279 Thread 0x000000000aa72000 nmethod 1122 0x0000000002a3d990 code [0x0000000002a3dac0, 0x0000000002a3db18]
Event: 42.346 Thread 0x000000000aa72000 1123  s          java.util.Hashtable::put (175 bytes)
Event: 42.352 Thread 0x000000000aa72000 nmethod 1123 0x0000000002a40050 code [0x0000000002a401e0, 0x0000000002a40c08]
Event: 42.354 Thread 0x000000000aa72000 1124             java.util.HashMap$KeySet::iterator (8 bytes)
Event: 42.354 Thread 0x000000000aa72000 nmethod 1124 0x0000000002a3fdd0 code [0x0000000002a3ff20, 0x0000000002a3ffb8]

GC Heap History (10 events):
Event: 37.961 GC heap before
{Heap before GC invocations=54 (full 2):
 PSYoungGen      total 591360K, used 578801K [0x00000007d5f00000, 0x00000007fff80000, 0x0000000800000000)
  eden space 494592K, 100% used [0x00000007d5f00000,0x00000007f4200000,0x00000007f4200000)
  from space 96768K, 87% used [0x00000007f4200000,0x00000007f943c658,0x00000007fa080000)
  to   space 96256K, 0% used [0x00000007fa180000,0x00000007fa180000,0x00000007fff80000)
 ParOldGen       total 173056K, used 142250K [0x0000000781e00000, 0x000000078c700000, 0x00000007d5f00000)
  object space 173056K, 82% used [0x0000000781e00000,0x000000078a8ea8d0,0x000000078c700000)
 PSPermGen       total 39936K, used 17779K [0x000000077cc00000, 0x000000077f300000, 0x0000000781e00000)
  object space 39936K, 44% used [0x000000077cc00000,0x000000077dd5cd38,0x000000077f300000)
Event: 38.077 GC heap after
Heap after GC invocations=54 (full 2):
 PSYoungGen      total 591360K, used 83821K [0x00000007d5f00000, 0x00000007ffe80000, 0x0000000800000000)
  eden space 496128K, 0% used [0x00000007d5f00000,0x00000007d5f00000,0x00000007f4380000)
  from space 95232K, 88% used [0x00000007fa180000,0x00000007ff35b410,0x00000007ffe80000)
  to   space 95744K, 0% used [0x00000007f4380000,0x00000007f4380000,0x00000007fa100000)
 ParOldGen       total 173056K, used 143679K [0x0000000781e00000, 0x000000078c700000, 0x00000007d5f00000)
  object space 173056K, 83% used [0x0000000781e00000,0x000000078aa4fcf0,0x000000078c700000)
 PSPermGen       total 39936K, used 17779K [0x000000077cc00000, 0x000000077f300000, 0x0000000781e00000)
  object space 39936K, 44% used [0x000000077cc00000,0x000000077dd5cd38,0x000000077f300000)
}
Event: 38.675 GC heap before
{Heap before GC invocations=55 (full 2):
 PSYoungGen      total 591360K, used 579949K [0x00000007d5f00000, 0x00000007ffe80000, 0x0000000800000000)
  eden space 496128K, 100% used [0x00000007d5f00000,0x00000007f4380000,0x00000007f4380000)
  from space 95232K, 88% used [0x00000007fa180000,0x00000007ff35b410,0x00000007ffe80000)
  to   space 95744K, 0% used [0x00000007f4380000,0x00000007f4380000,0x00000007fa100000)
 ParOldGen       total 173056K, used 143679K [0x0000000781e00000, 0x000000078c700000, 0x00000007d5f00000)
  object space 173056K, 83% used [0x0000000781e00000,0x000000078aa4fcf0,0x000000078c700000)
 PSPermGen       total 39936K, used 17779K [0x000000077cc00000, 0x000000077f300000, 0x0000000781e00000)
  object space 39936K, 44% used [0x000000077cc00000,0x000000077dd5ce38,0x000000077f300000)
Event: 38.791 GC heap after
Heap after GC invocations=55 (full 2):
 PSYoungGen      total 591872K, used 83886K [0x00000007d5f00000, 0x00000007fff80000, 0x0000000800000000)
  eden space 496128K, 0% used [0x00000007d5f00000,0x00000007d5f00000,0x00000007f4380000)
  from space 95744K, 87% used [0x00000007f4380000,0x00000007f956bad8,0x00000007fa100000)
  to   space 95232K, 0% used [0x00000007fa280000,0x00000007fa280000,0x00000007fff80000)
 ParOldGen       total 173056K, used 145076K [0x0000000781e00000, 0x000000078c700000, 0x00000007d5f00000)
  object space 173056K, 83% used [0x0000000781e00000,0x000000078abad110,0x000000078c700000)
 PSPermGen       total 39936K, used 17779K [0x000000077cc00000, 0x000000077f300000, 0x0000000781e00000)
  object space 39936K, 44% used [0x000000077cc00000,0x000000077dd5ce38,0x000000077f300000)
}
Event: 39.393 GC heap before
{Heap before GC invocations=56 (full 2):
 PSYoungGen      total 591872K, used 580014K [0x00000007d5f00000, 0x00000007fff80000, 0x0000000800000000)
  eden space 496128K, 100% used [0x00000007d5f00000,0x00000007f4380000,0x00000007f4380000)
  from space 95744K, 87% used [0x00000007f4380000,0x00000007f956bad8,0x00000007fa100000)
  to   space 95232K, 0% used [0x00000007fa280000,0x00000007fa280000,0x00000007fff80000)
 ParOldGen       total 173056K, used 145076K [0x0000000781e00000, 0x000000078c700000, 0x00000007d5f00000)
  object space 173056K, 83% used [0x0000000781e00000,0x000000078abad110,0x000000078c700000)
 PSPermGen       total 39936K, used 17780K [0x000000077cc00000, 0x000000077f300000, 0x0000000781e00000)
  object space 39936K, 44% used [0x000000077cc00000,0x000000077dd5d308,0x000000077f300000)
Event: 39.511 GC heap after
Heap after GC invocations=56 (full 2):
 PSYoungGen      total 592384K, used 84357K [0x00000007d5f00000, 0x00000007ffe80000, 0x0000000800000000)
  eden space 498176K, 0% used [0x00000007d5f00000,0x00000007d5f00000,0x00000007f4580000)
  from space 94208K, 89% used [0x00000007fa280000,0x00000007ff4e1508,0x00000007ffe80000)
  to   space 94720K, 0% used [0x00000007f4580000,0x00000007f4580000,0x00000007fa200000)
 ParOldGen       total 173056K, used 146609K [0x0000000781e00000, 0x000000078c700000, 0x00000007d5f00000)
  object space 173056K, 84% used [0x0000000781e00000,0x000000078ad2c540,0x000000078c700000)
 PSPermGen       total 39936K, used 17780K [0x000000077cc00000, 0x000000077f300000, 0x0000000781e00000)
  object space 39936K, 44% used [0x000000077cc00000,0x000000077dd5d308,0x000000077f300000)
}
Event: 40.114 GC heap before
{Heap before GC invocations=57 (full 2):
 PSYoungGen      total 592384K, used 582533K [0x00000007d5f00000, 0x00000007ffe80000, 0x0000000800000000)
  eden space 498176K, 100% used [0x00000007d5f00000,0x00000007f4580000,0x00000007f4580000)
  from space 94208K, 89% used [0x00000007fa280000,0x00000007ff4e1508,0x00000007ffe80000)
  to   space 94720K, 0% used [0x00000007f4580000,0x00000007f4580000,0x00000007fa200000)
 ParOldGen       total 173056K, used 146609K [0x0000000781e00000, 0x000000078c700000, 0x00000007d5f00000)
  object space 173056K, 84% used [0x0000000781e00000,0x000000078ad2c540,0x000000078c700000)
 PSPermGen       total 39936K, used 17780K [0x000000077cc00000, 0x000000077f300000, 0x0000000781e00000)
  object space 39936K, 44% used [0x000000077cc00000,0x000000077dd5d308,0x000000077f300000)
Event: 40.231 GC heap after
Heap after GC invocations=57 (full 2):
 PSYoungGen      total 592896K, used 85264K [0x00000007d5f00000, 0x0000000800000000, 0x0000000800000000)
  eden space 498176K, 0% used [0x00000007d5f00000,0x00000007d5f00000,0x00000007f4580000)
  from space 94720K, 90% used [0x00000007f4580000,0x00000007f98c43b8,0x00000007fa200000)
  to   space 94720K, 0% used [0x00000007fa380000,0x00000007fa380000,0x0000000800000000)
 ParOldGen       total 173056K, used 148067K [0x0000000781e00000, 0x000000078c700000, 0x00000007d5f00000)
  object space 173056K, 85% used [0x0000000781e00000,0x000000078ae98fd8,0x000000078c700000)
 PSPermGen       total 39936K, used 17780K [0x000000077cc00000, 0x000000077f300000, 0x0000000781e00000)
  object space 39936K, 44% used [0x000000077cc00000,0x000000077dd5d308,0x000000077f300000)
}
Event: 40.836 GC heap before
{Heap before GC invocations=58 (full 2):
 PSYoungGen      total 592896K, used 583440K [0x00000007d5f00000, 0x0000000800000000, 0x0000000800000000)
  eden space 498176K, 100% used [0x00000007d5f00000,0x00000007f4580000,0x00000007f4580000)
  from space 94720K, 90% used [0x00000007f4580000,0x00000007f98c43b8,0x00000007fa200000)
  to   space 94720K, 0% used [0x00000007fa380000,0x00000007fa380000,0x0000000800000000)
 ParOldGen       total 173056K, used 148067K [0x0000000781e00000, 0x000000078c700000, 0x00000007d5f00000)
  object space 173056K, 85% used [0x0000000781e00000,0x000000078ae98fd8,0x000000078c700000)
 PSPermGen       total 39936K, used 17780K [0x000000077cc00000, 0x000000077f300000, 0x0000000781e00000)
  object space 39936K, 44% used [0x000000077cc00000,0x000000077dd5d308,0x000000077f300000)
Event: 40.955 GC heap after
Heap after GC invocations=58 (full 2):
 PSYoungGen      total 593408K, used 84770K [0x00000007d5f00000, 0x00000007fff00000, 0x0000000800000000)
  eden space 499712K, 0% used [0x00000007d5f00000,0x00000007d5f00000,0x00000007f4700000)
  from space 93696K, 90% used [0x00000007fa380000,0x00000007ff6489b0,0x00000007fff00000)
  to   space 94208K, 0% used [0x00000007f4700000,0x00000007f4700000,0x00000007fa300000)
 ParOldGen       total 173056K, used 149640K [0x0000000781e00000, 0x000000078c700000, 0x00000007d5f00000)
  object space 173056K, 86% used [0x0000000781e00000,0x000000078b0223f8,0x000000078c700000)
 PSPermGen       total 39936K, used 17780K [0x000000077cc00000, 0x000000077f300000, 0x0000000781e00000)
  object space 39936K, 44% used [0x000000077cc00000,0x000000077dd5d308,0x000000077f300000)
}

Deoptimization events (10 events):
Event: 41.910 Thread 0x000000000234e800 Uncommon trap: reason=bimorphic action=maybe_recompile pc=0x00000000028a98fc method=java.util.HashMap.putForCreate(Ljava/lang/Object;Ljava/lang/Object;)V @ 97
Event: 41.939 Thread 0x000000000234e800 Uncommon trap: reason=unreached action=reinterpret pc=0x00000000028e4258 method=java.net.URL.<init>(Ljava/net/URL;Ljava/lang/String;Ljava/net/URLStreamHandler;)V @ 347
Event: 42.000 Thread 0x000000000234e800 Uncommon trap: reason=bimorphic action=maybe_recompile pc=0x000000000279de0c method=java.util.regex.Pattern$CharProperty.match(Ljava/util/regex/Matcher;ILjava/lang/CharSequence;)Z @ 37
Event: 42.000 Thread 0x000000000234e800 Uncommon trap: reason=bimorphic action=maybe_recompile pc=0x000000000279de0c method=java.util.regex.Pattern$CharProperty.match(Ljava/util/regex/Matcher;ILjava/lang/CharSequence;)Z @ 37
Event: 42.000 Thread 0x000000000234e800 Uncommon trap: reason=bimorphic action=maybe_recompile pc=0x000000000279de0c method=java.util.regex.Pattern$CharProperty.match(Ljava/util/regex/Matcher;ILjava/lang/CharSequence;)Z @ 37
Event: 42.125 Thread 0x000000000234e800 Uncommon trap: reason=unreached action=reinterpret pc=0x0000000002a1591c method=java.lang.ThreadLocal$ThreadLocalMap.cleanSomeSlots(II)Z @ 28
Event: 42.286 Thread 0x000000000234e800 Uncommon trap: reason=class_check action=maybe_recompile pc=0x0000000002914b30 method=java.util.jar.Manifest$FastInputStream.fill()V @ 24
Event: 42.286 Thread 0x000000000234e800 Uncommon trap: reason=class_check action=maybe_recompile pc=0x0000000002914b30 method=java.util.jar.Manifest$FastInputStream.fill()V @ 24
Event: 42.321 Thread 0x000000000234e800 Uncommon trap: reason=unreached action=reinterpret pc=0x0000000002a43d9c method=java.lang.Class.searchMethods([Ljava/lang/reflect/Method;Ljava/lang/String;[Ljava/lang/Class;)Ljava/lang/reflect/Method; @ 47
Event: 42.322 Thread 0x000000000234e800 Uncommon trap: reason=unreached action=reinterpret pc=0x00000000027666e4 method=java.lang.reflect.Method.equals(Ljava/lang/Object;)Z @ 49

Internal exceptions (10 events):
Event: 42.358 Thread 0x000000000234e800 Threw 0x00000007ecbdda30 at C:\re\jdk7u45\229\hotspot\src\share\vm\prims\jvm.cpp:1244
Event: 42.358 Thread 0x000000000234e800 Threw 0x00000007ecbe1848 at C:\re\jdk7u45\229\hotspot\src\share\vm\prims\jvm.cpp:1244
Event: 42.358 Thread 0x000000000234e800 Threw 0x00000007ecbe2198 at C:\re\jdk7u45\229\hotspot\src\share\vm\prims\jvm.cpp:1244
Event: 42.358 Thread 0x000000000234e800 Threw 0x00000007ecbe2af8 at C:\re\jdk7u45\229\hotspot\src\share\vm\prims\jvm.cpp:1244
Event: 42.360 Thread 0x000000000234e800 Threw 0x00000007ecc0a670 at C:\re\jdk7u45\229\hotspot\src\share\vm\prims\jvm.cpp:1244
Event: 42.360 Thread 0x000000000234e800 Threw 0x00000007ecc17038 at C:\re\jdk7u45\229\hotspot\src\share\vm\prims\jvm.cpp:1244
Event: 42.361 Thread 0x000000000234e800 Threw 0x00000007ecc20640 at C:\re\jdk7u45\229\hotspot\src\share\vm\prims\jvm.cpp:1244
Event: 42.361 Thread 0x000000000234e800 Threw 0x00000007ecc24160 at C:\re\jdk7u45\229\hotspot\src\share\vm\prims\jvm.cpp:1244
Event: 42.361 Thread 0x000000000234e800 Threw 0x00000007ecc24a78 at C:\re\jdk7u45\229\hotspot\src\share\vm\prims\jvm.cpp:1244
Event: 42.361 Thread 0x000000000234e800 Threw 0x00000007ecc253a8 at C:\re\jdk7u45\229\hotspot\src\share\vm\prims\jvm.cpp:1244

Events (10 events):
Event: 42.358 loading class 0x000000000fb7ff60
Event: 42.358 loading class 0x000000000fb7ff60 done
Event: 42.358 loading class 0x000000000fb7ff60
Event: 42.358 loading class 0x000000000fb7ff60 done
Event: 42.361 loading class 0x000000000fb7ea20
Event: 42.361 loading class 0x000000000fb7ea20 done
Event: 42.361 loading class 0x000000000fb7ea20
Event: 42.361 loading class 0x000000000fb7ea20 done
Event: 42.361 loading class 0x000000000fb7ea20
Event: 42.361 loading class 0x000000000fb7ea20 done


Dynamic libraries:
0x000000013f270000 - 0x000000013f2a3000 	C:\Program Files\Java\jdk1.7.0_45\bin\java.exe
0x0000000077620000 - 0x00000000777c9000 	C:\Windows\SYSTEM32\ntdll.dll
0x0000000077400000 - 0x000000007751f000 	C:\Windows\system32\kernel32.dll
0x000007fefd560000 - 0x000007fefd5cc000 	C:\Windows\system32\KERNELBASE.dll
0x000007fefe300000 - 0x000007fefe3db000 	C:\Windows\system32\ADVAPI32.dll
0x000007fefe7e0000 - 0x000007fefe87f000 	C:\Windows\system32\msvcrt.dll
0x000007fefe040000 - 0x000007fefe05f000 	C:\Windows\SYSTEM32\sechost.dll
0x000007fefe9d0000 - 0x000007fefeafd000 	C:\Windows\system32\RPCRT4.dll
0x0000000077520000 - 0x000000007761a000 	C:\Windows\system32\USER32.dll
0x000007fefe570000 - 0x000007fefe5d7000 	C:\Windows\system32\GDI32.dll
0x000007fefe610000 - 0x000007fefe61e000 	C:\Windows\system32\LPK.dll
0x000007fefe880000 - 0x000007fefe949000 	C:\Windows\system32\USP10.dll
0x000007fefc030000 - 0x000007fefc224000 	C:\Windows\WinSxS\amd64_microsoft.windows.common-controls_6595b64144ccf1df_6.0.7601.17514_none_fa396087175ac9ac\COMCTL32.dll
0x000007fefe3e0000 - 0x000007fefe451000 	C:\Windows\system32\SHLWAPI.dll
0x000007fefe5e0000 - 0x000007fefe60e000 	C:\Windows\system32\IMM32.DLL
0x000007fefe460000 - 0x000007fefe569000 	C:\Windows\system32\MSCTF.dll
0x000000006e690000 - 0x000000006e762000 	C:\Program Files\Java\jdk1.7.0_45\jre\bin\msvcr100.dll
0x000000006e8a0000 - 0x000000006f069000 	C:\Program Files\Java\jdk1.7.0_45\jre\bin\server\jvm.dll
0x000007fefac30000 - 0x000007fefac39000 	C:\Windows\system32\WSOCK32.dll
0x000007fefdd30000 - 0x000007fefdd7d000 	C:\Windows\system32\WS2_32.dll
0x000007fefe060000 - 0x000007fefe068000 	C:\Windows\system32\NSI.dll
0x000007fefb040000 - 0x000007fefb07b000 	C:\Windows\system32\WINMM.dll
0x00000000777e0000 - 0x00000000777e7000 	C:\Windows\system32\PSAPI.DLL
0x0000000071820000 - 0x000000007182f000 	C:\Program Files\Java\jdk1.7.0_45\jre\bin\verify.dll
0x00000000717f0000 - 0x0000000071818000 	C:\Program Files\Java\jdk1.7.0_45\jre\bin\java.dll
0x00000000717d0000 - 0x00000000717e5000 	C:\Program Files\Java\jdk1.7.0_45\jre\bin\zip.dll
0x00000000717b0000 - 0x00000000717c9000 	C:\Program Files\Java\jdk1.7.0_45\jre\bin\net.dll
0x000007fefcc10000 - 0x000007fefcc65000 	C:\Windows\system32\mswsock.dll
0x000007fefcc00000 - 0x000007fefcc07000 	C:\Windows\System32\wship6.dll
0x0000000071790000 - 0x00000000717a1000 	C:\Program Files\Java\jdk1.7.0_45\jre\bin\nio.dll
0x000007fefd270000 - 0x000007fefd2c7000 	C:\Windows\system32\apphelp.dll
0x000007fefcc70000 - 0x000007fefcc87000 	C:\Windows\system32\CRYPTSP.dll
0x000007fefc970000 - 0x000007fefc9b7000 	C:\Windows\system32\rsaenh.dll
0x000007fefd4b0000 - 0x000007fefd4ce000 	C:\Windows\system32\USERENV.dll
0x000007fefd470000 - 0x000007fefd47f000 	C:\Windows\system32\profapi.dll
0x000007fefd310000 - 0x000007fefd31f000 	C:\Windows\system32\CRYPTBASE.dll
0x000007fefb170000 - 0x000007fefb185000 	C:\Windows\system32\NLAapi.dll
0x000007fef9860000 - 0x000007fef9875000 	C:\Windows\system32\napinsp.dll
0x000007fef9800000 - 0x000007fef9819000 	C:\Windows\system32\pnrpnsp.dll
0x000007fefca90000 - 0x000007fefcaeb000 	C:\Windows\system32\DNSAPI.dll
0x000007fef97f0000 - 0x000007fef97fb000 	C:\Windows\System32\winrnr.dll
0x000007fefc620000 - 0x000007fefc627000 	C:\Windows\System32\wshtcpip.dll
0x000007fefabc0000 - 0x000007fefabe7000 	C:\Windows\system32\IPHLPAPI.DLL
0x000007fefabb0000 - 0x000007fefabbb000 	C:\Windows\system32\WINNSI.DLL
0x000007fefa0a0000 - 0x000007fefa0a8000 	C:\Windows\system32\rasadhlp.dll
0x000007fefaa70000 - 0x000007fefaac3000 	C:\Windows\System32\fwpuclnt.dll
0x000007fef6a40000 - 0x000007fef6b65000 	C:\Windows\system32\dbghelp.dll

VM Arguments:
jvm_args: -Dclassworlds.conf=C:\Utils\apache-maven-3.0.4\bin\m2.conf -Dmaven.home=C:\Utils\apache-maven-3.0.4 
java_command: org.codehaus.plexus.classworlds.launcher.Launcher jetty:run
Launcher Type: SUN_STANDARD

Environment Variables:
JAVA_HOME=C:\Program Files\Java\jdk1.7.0_45
PATH=C:\Program Files (x86)\Intel\iCLS Client\;C:\Program Files\Intel\iCLS Client\;C:\Windows\system32;C:\Windows;C:\Windows\System32\Wbem;C:\Windows\System32\WindowsPowerShell\v1.0\;C:\Program Files (x86)\Kaspersky Lab\Kaspersky Endpoint Security 8 for Windows\;C:\Program Files (x86)\Intel\OpenCL SDK\2.0\bin\x86;C:\Program Files (x86)\Intel\OpenCL SDK\2.0\bin\x64;C:\Program Files\Intel\Intel(R) Management Engine Components\DAL;C:\Program Files\Intel\Intel(R) Management Engine Components\IPT;C:\Program Files (x86)\Intel\Intel(R) Management Engine Components\DAL;C:\Program Files (x86)\Intel\Intel(R) Management Engine Components\IPT; C:\Program Files\Java\jdk1.7.0_45\bin;C:\Utils\apache-maven-3.0.4\bin; ;C:\Program Files (x86)\Subversion\bin;C:\Program Files\TortoiseSVN\bin;C:\Utils\Junction;C:\Program Files\MySQL\MySQL Server 5.1\bin;C:\cygwin64\bin;C:\svnwork\svnscripts\trunk\clean\bin;C:\Program Files (x86)\WinMerge
USERNAME=olozyn
OS=Windows_NT
PROCESSOR_IDENTIFIER=Intel64 Family 6 Model 58 Stepping 9, GenuineIntel



---------------  S Y S T E M  ---------------

OS: Windows 7 , 64 bit Build 7601 Service Pack 1

CPU:total 4 (4 cores per cpu, 1 threads per core) family 6 model 58 stepping 9, cmov, cx8, fxsr, mmx, sse, sse2, sse3, ssse3, sse4.1, sse4.2, popcnt, avx, aes, erms, tsc, tscinvbit, tscinv

Memory: 4k page, physical 8262492k(1679924k free), swap 16523120k(8811436k free)

vm_info: Java HotSpot(TM) 64-Bit Server VM (24.45-b08) for windows-amd64 JRE (1.7.0_45-b18), built on Oct  8 2013 05:47:22 by "java_re" with unknown MS VC++:1600

time: Tue May 27 15:01:39 2014
elapsed time: 42 seconds

